     1                                  ; This simple bootsector prints stuff!
     2                                  
     3                                  [org 0x7c00]
     4                                  
     5 00000000 EB12                    jmp start           ; We need to jump over the print label so we don't automatically 
     6                                                      ; run the "function"
     7                                  
     8                                  preprint:
     9 00000002 60                          pusha           ; Save all the registers!
    10 00000003 B40E                        mov ah, 0x0e    ; Put us in TTY mode
    11 00000005 8A07                        mov al, [bx]    ; Copy the first character to al register for printing
    12                                  
    13                                  print:
    14 00000007 CD10                        int 0x10        ; Print whatever is in al
    15 00000009 83C301                      add bx, 1       ; Increment the "pointer" to point to the next character in the string
    16 0000000C 8A07                        mov al, [bx]    ; Copy the next character into al
    17 0000000E 3C00                        cmp al, 0x00    ; Check if al now contains a null character
    18 00000010 75F5                        jne print       ; If al does not contain a null character, loop back to print
    19 00000012 61                          popa            ; Restore the registers
    20 00000013 C3                          ret             ; Return to where we were called
    21                                  
    22                                  start:
    23 00000014 BD0080                      mov bp, 0x8000  ; Set the stack's base pointer
    24 00000017 89EC                        mov sp, bp      ; And set the stack pointer to the same location
    25                                  
    26 00000019 BB[2500]                    mov bx, the_string      ; Store the address of the_string in bx to be accessed by preprint
    27 0000001C E8E3FF                      call preprint           ; Call the print function!
    28 0000001F BB[4100]                    mov bx, another_string  ; Repeat for another_string
    29 00000022 E8DDFF                      call preprint           ; Call it again
    30                                  
    31                                  
    32                                  the_string:
    33 00000025 546869732069732061-         db "This is a string to print. ",0
    33 0000002E 20737472696E672074-
    33 00000037 6F207072696E742E20-
    33 00000040 00                 
    34                                  
    35                                  another_string:
    36 00000041 48657265277320616E-         db "Here's another one!",0
    36 0000004A 6F74686572206F6E65-
    36 00000053 2100               
    37                                  
    38                                  
    39 00000055 EBFE                    jmp $ ; infinite loop
    40                                  
    41                                  ; zero padding and magic bios number
    42 00000057 00<rept>                times 510-($-$$) db 0
    43 000001FE 55AA                    dw 0xaa55
